# JRE version: Java(TM) SE Runtime Environment (8.0_162-b12) (build 1.8.0_162-b12)
# Java VM: Java HotSpot(TM) 64-Bit Server VM (25.162-b12 mixed mode windows-amd64 compressed oops)
Heap:
 PSYoungGen      total 251904K, used 133197K [0x00000000d8380000, 0x00000000e9a80000, 0x0000000100000000)
  eden space 238080K, 55% used [0x00000000d8380000,0x00000000e0593498,0x00000000e6c00000)
  from space 13824K, 0% used [0x00000000e8000000,0x00000000e8000000,0x00000000e8d80000)
  to   space 20480K, 0% used [0x00000000e6c00000,0x00000000e6c00000,0x00000000e8000000)
 ParOldGen       total 85504K, used 33630K [0x0000000088a00000, 0x000000008dd80000, 0x00000000d8380000)
  object space 85504K, 39% used [0x0000000088a00000,0x000000008aad7860,0x000000008dd80000)
 Metaspace       used 27203K, capacity 27886K, committed 28208K, reserved 1075200K
  class space    used 3075K, capacity 3311K, committed 3376K, reserved 1048576K
GC Heap History (10 events):
Event: 8.956 GC heap before
{Heap before GC invocations=5 (full 0):
 PSYoungGen      total 66560K, used 66560K [0x00000000d8380000, 0x00000000dc980000, 0x0000000100000000)
  eden space 61440K, 100% used [0x00000000d8380000,0x00000000dbf80000,0x00000000dbf80000)
  from space 5120K, 100% used [0x00000000dc480000,0x00000000dc980000,0x00000000dc980000)
  to   space 5120K, 0% used [0x00000000dbf80000,0x00000000dbf80000,0x00000000dc480000)
 ParOldGen       total 81920K, used 4476K [0x0000000088a00000, 0x000000008da00000, 0x00000000d8380000)
  object space 81920K, 5% used [0x0000000088a00000,0x0000000088e5f120,0x000000008da00000)
 Metaspace       used 12942K, capacity 13184K, committed 13440K, reserved 1060864K
  class space    used 1540K, capacity 1618K, committed 1664K, reserved 1048576K
Event: 9.011 GC heap after
Heap after GC invocations=5 (full 0):
 PSYoungGen      total 66560K, used 5104K [0x00000000d8380000, 0x00000000e0e80000, 0x0000000100000000)
  eden space 61440K, 0% used [0x00000000d8380000,0x00000000d8380000,0x00000000dbf80000)
  from space 5120K, 99% used [0x00000000dbf80000,0x00000000dc47c030,0x00000000dc480000)
  to   space 9728K, 0% used [0x00000000e0500000,0x00000000e0500000,0x00000000e0e80000)
 ParOldGen       total 81920K, used 7722K [0x0000000088a00000, 0x000000008da00000, 0x00000000d8380000)
  object space 81920K, 9% used [0x0000000088a00000,0x000000008918ab28,0x000000008da00000)
 Metaspace       used 12942K, capacity 13184K, committed 13440K, reserved 1060864K
  class space    used 1540K, capacity 1618K, committed 1664K, reserved 1048576K
}
Event: 10.326 GC heap before
{Heap before GC invocations=6 (full 0):
 PSYoungGen      total 66560K, used 66544K [0x00000000d8380000, 0x00000000e0e80000, 0x0000000100000000)
  eden space 61440K, 100% used [0x00000000d8380000,0x00000000dbf80000,0x00000000dbf80000)
  from space 5120K, 99% used [0x00000000dbf80000,0x00000000dc47c030,0x00000000dc480000)
  to   space 9728K, 0% used [0x00000000e0500000,0x00000000e0500000,0x00000000e0e80000)
 ParOldGen       total 81920K, used 7722K [0x0000000088a00000, 0x000000008da00000, 0x00000000d8380000)
  object space 81920K, 9% used [0x0000000088a00000,0x000000008918ab28,0x000000008da00000)
 Metaspace       used 13128K, capacity 13394K, committed 13440K, reserved 1060864K
  class space    used 1542K, capacity 1621K, committed 1664K, reserved 1048576K
Event: 10.383 GC heap after
Heap after GC invocations=6 (full 0):
 PSYoungGen      total 132096K, used 8416K [0x00000000d8380000, 0x00000000e0f80000, 0x0000000100000000)
  eden space 122368K, 0% used [0x00000000d8380000,0x00000000d8380000,0x00000000dfb00000)
  from space 9728K, 86% used [0x00000000e0500000,0x00000000e0d38020,0x00000000e0e80000)
  to   space 10240K, 0% used [0x00000000dfb00000,0x00000000dfb00000,0x00000000e0500000)
 ParOldGen       total 81920K, used 7722K [0x0000000088a00000, 0x000000008da00000, 0x00000000d8380000)
  object space 81920K, 9% used [0x0000000088a00000,0x000000008918ab28,0x000000008da00000)
 Metaspace       used 13128K, capacity 13394K, committed 13440K, reserved 1060864K
  class space    used 1542K, capacity 1621K, committed 1664K, reserved 1048576K
}
Event: 25.735 GC heap before
{Heap before GC invocations=7 (full 0):
 PSYoungGen      total 132096K, used 130784K [0x00000000d8380000, 0x00000000e0f80000, 0x0000000100000000)
  eden space 122368K, 100% used [0x00000000d8380000,0x00000000dfb00000,0x00000000dfb00000)
  from space 9728K, 86% used [0x00000000e0500000,0x00000000e0d38020,0x00000000e0e80000)
  to   space 10240K, 0% used [0x00000000dfb00000,0x00000000dfb00000,0x00000000e0500000)
 ParOldGen       total 81920K, used 7722K [0x0000000088a00000, 0x000000008da00000, 0x00000000d8380000)
  object space 81920K, 9% used [0x0000000088a00000,0x000000008918ab28,0x000000008da00000)
 Metaspace       used 18714K, capacity 19150K, committed 19328K, reserved 1067008K
  class space    used 2237K, capacity 2391K, committed 2432K, reserved 1048576K
Event: 25.836 GC heap after
Heap after GC invocations=7 (full 0):
 PSYoungGen      total 132608K, used 10237K [0x00000000d8380000, 0x00000000e8d80000, 0x0000000100000000)
  eden space 122368K, 0% used [0x00000000d8380000,0x00000000d8380000,0x00000000dfb00000)
  from space 10240K, 99% used [0x00000000dfb00000,0x00000000e04ff440,0x00000000e0500000)
  to   space 13824K, 0% used [0x00000000e8000000,0x00000000e8000000,0x00000000e8d80000)
 ParOldGen       total 81920K, used 12524K [0x0000000088a00000, 0x000000008da00000, 0x00000000d8380000)
  object space 81920K, 15% used [0x0000000088a00000,0x000000008963b040,0x000000008da00000)
 Metaspace       used 18714K, capacity 19150K, committed 19328K, reserved 1067008K
  class space    used 2237K, capacity 2391K, committed 2432K, reserved 1048576K
}
Event: 38.435 GC heap before
{Heap before GC invocations=8 (full 0):
 PSYoungGen      total 132608K, used 99813K [0x00000000d8380000, 0x00000000e8d80000, 0x0000000100000000)
  eden space 122368K, 73% used [0x00000000d8380000,0x00000000ddafa0f8,0x00000000dfb00000)
  from space 10240K, 99% used [0x00000000dfb00000,0x00000000e04ff440,0x00000000e0500000)
  to   space 13824K, 0% used [0x00000000e8000000,0x00000000e8000000,0x00000000e8d80000)
 ParOldGen       total 81920K, used 12524K [0x0000000088a00000, 0x000000008da00000, 0x00000000d8380000)
  object space 81920K, 15% used [0x0000000088a00000,0x000000008963b040,0x000000008da00000)
 Metaspace       used 20752K, capacity 21234K, committed 21296K, reserved 1069056K
  class space    used 2421K, capacity 2595K, committed 2608K, reserved 1048576K
Event: 38.637 GC heap after
Heap after GC invocations=8 (full 0):
 PSYoungGen      total 251904K, used 13793K [0x00000000d8380000, 0x00000000e9a80000, 0x0000000100000000)
  eden space 238080K, 0% used [0x00000000d8380000,0x00000000d8380000,0x00000000e6c00000)
  from space 13824K, 99% used [0x00000000e8000000,0x00000000e8d78728,0x00000000e8d80000)
  to   space 20480K, 0% used [0x00000000e6c00000,0x00000000e6c00000,0x00000000e8000000)
 ParOldGen       total 81920K, used 23593K [0x0000000088a00000, 0x000000008da00000, 0x00000000d8380000)
  object space 81920K, 28% used [0x0000000088a00000,0x000000008a10a718,0x000000008da00000)
 Metaspace       used 20752K, capacity 21234K, committed 21296K, reserved 1069056K
  class space    used 2421K, capacity 2595K, committed 2608K, reserved 1048576K
}
Event: 38.637 GC heap before
{Heap before GC invocations=9 (full 1):
 PSYoungGen      total 251904K, used 13793K [0x00000000d8380000, 0x00000000e9a80000, 0x0000000100000000)
  eden space 238080K, 0% used [0x00000000d8380000,0x00000000d8380000,0x00000000e6c00000)
  from space 13824K, 99% used [0x00000000e8000000,0x00000000e8d78728,0x00000000e8d80000)
  to   space 20480K, 0% used [0x00000000e6c00000,0x00000000e6c00000,0x00000000e8000000)
 ParOldGen       total 81920K, used 23593K [0x0000000088a00000, 0x000000008da00000, 0x00000000d8380000)
  object space 81920K, 28% used [0x0000000088a00000,0x000000008a10a718,0x000000008da00000)
 Metaspace       used 20752K, capacity 21234K, committed 21296K, reserved 1069056K
  class space    used 2421K, capacity 2595K, committed 2608K, reserved 1048576K
Event: 39.080 GC heap after
Heap after GC invocations=9 (full 1):
 PSYoungGen      total 251904K, used 0K [0x00000000d8380000, 0x00000000e9a80000, 0x0000000100000000)
  eden space 238080K, 0% used [0x00000000d8380000,0x00000000d8380000,0x00000000e6c00000)
  from space 13824K, 0% used [0x00000000e8000000,0x00000000e8000000,0x00000000e8d80000)
  to   space 20480K, 0% used [0x00000000e6c00000,0x00000000e6c00000,0x00000000e8000000)
 ParOldGen       total 85504K, used 33630K [0x0000000088a00000, 0x000000008dd80000, 0x00000000d8380000)
  object space 85504K, 39% used [0x0000000088a00000,0x000000008aad7860,0x000000008dd80000)
 Metaspace       used 20752K, capacity 21234K, committed 21296K, reserved 1069056K
  class space    used 2421K, capacity 2595K, committed 2608K, reserved 1048576K
}

