# JRE version: Java(TM) SE Runtime Environment (8.0_162-b12) (build 1.8.0_162-b12)
# Java VM: Java HotSpot(TM) 64-Bit Server VM (25.162-b12 mixed mode windows-amd64 compressed oops)
Heap:
 PSYoungGen      total 66560K, used 10050K [0x00000000d8380000, 0x00000000dc980000, 0x0000000100000000)
  eden space 61440K, 8% used [0x00000000d8380000,0x00000000d8854a40,0x00000000dbf80000)
  from space 5120K, 99% used [0x00000000dc480000,0x00000000dc97c030,0x00000000dc980000)
  to   space 5120K, 0% used [0x00000000dbf80000,0x00000000dbf80000,0x00000000dc480000)
 ParOldGen       total 81920K, used 15470K [0x0000000088a00000, 0x000000008da00000, 0x00000000d8380000)
  object space 81920K, 18% used [0x0000000088a00000,0x000000008991b940,0x000000008da00000)
 Metaspace       used 14612K, capacity 14990K, committed 15232K, reserved 1062912K
  class space    used 1695K, capacity 1831K, committed 1920K, reserved 1048576K
GC Heap History (10 events):
Event: 6.483 GC heap before
{Heap before GC invocations=2 (full 0):
 PSYoungGen      total 35840K, used 34826K [0x00000000d8380000, 0x00000000dc980000, 0x0000000100000000)
  eden space 30720K, 100% used [0x00000000d8380000,0x00000000da180000,0x00000000da180000)
  from space 5120K, 80% used [0x00000000da180000,0x00000000da582960,0x00000000da680000)
  to   space 5120K, 0% used [0x00000000dc480000,0x00000000dc480000,0x00000000dc980000)
 ParOldGen       total 81920K, used 0K [0x0000000088a00000, 0x000000008da00000, 0x00000000d8380000)
  object space 81920K, 0% used [0x0000000088a00000,0x0000000088a00000,0x000000008da00000)
 Metaspace       used 11706K, capacity 11954K, committed 12032K, reserved 1060864K
  class space    used 1447K, capacity 1535K, committed 1536K, reserved 1048576K
Event: 6.513 GC heap after
Heap after GC invocations=2 (full 0):
 PSYoungGen      total 66560K, used 5092K [0x00000000d8380000, 0x00000000dc980000, 0x0000000100000000)
  eden space 61440K, 0% used [0x00000000d8380000,0x00000000d8380000,0x00000000dbf80000)
  from space 5120K, 99% used [0x00000000dc480000,0x00000000dc979070,0x00000000dc980000)
  to   space 5120K, 0% used [0x00000000dbf80000,0x00000000dbf80000,0x00000000dc480000)
 ParOldGen       total 81920K, used 2079K [0x0000000088a00000, 0x000000008da00000, 0x00000000d8380000)
  object space 81920K, 2% used [0x0000000088a00000,0x0000000088c07d28,0x000000008da00000)
 Metaspace       used 11706K, capacity 11954K, committed 12032K, reserved 1060864K
  class space    used 1447K, capacity 1535K, committed 1536K, reserved 1048576K
}
Event: 10.755 GC heap before
{Heap before GC invocations=3 (full 0):
 PSYoungGen      total 66560K, used 66532K [0x00000000d8380000, 0x00000000dc980000, 0x0000000100000000)
  eden space 61440K, 100% used [0x00000000d8380000,0x00000000dbf80000,0x00000000dbf80000)
  from space 5120K, 99% used [0x00000000dc480000,0x00000000dc979070,0x00000000dc980000)
  to   space 5120K, 0% used [0x00000000dbf80000,0x00000000dbf80000,0x00000000dc480000)
 ParOldGen       total 81920K, used 2079K [0x0000000088a00000, 0x000000008da00000, 0x00000000d8380000)
  object space 81920K, 2% used [0x0000000088a00000,0x0000000088c07d28,0x000000008da00000)
 Metaspace       used 12734K, capacity 12962K, committed 13184K, reserved 1060864K
  class space    used 1537K, capacity 1613K, committed 1664K, reserved 1048576K
Event: 10.796 GC heap after
Heap after GC invocations=3 (full 0):
 PSYoungGen      total 66560K, used 5104K [0x00000000d8380000, 0x00000000dc980000, 0x0000000100000000)
  eden space 61440K, 0% used [0x00000000d8380000,0x00000000d8380000,0x00000000dbf80000)
  from space 5120K, 99% used [0x00000000dbf80000,0x00000000dc47c010,0x00000000dc480000)
  to   space 5120K, 0% used [0x00000000dc480000,0x00000000dc480000,0x00000000dc980000)
 ParOldGen       total 81920K, used 4617K [0x0000000088a00000, 0x000000008da00000, 0x00000000d8380000)
  object space 81920K, 5% used [0x0000000088a00000,0x0000000088e825f8,0x000000008da00000)
 Metaspace       used 12734K, capacity 12962K, committed 13184K, reserved 1060864K
  class space    used 1537K, capacity 1613K, committed 1664K, reserved 1048576K
}
Event: 12.451 GC heap before
{Heap before GC invocations=4 (full 0):
 PSYoungGen      total 66560K, used 66544K [0x00000000d8380000, 0x00000000dc980000, 0x0000000100000000)
  eden space 61440K, 100% used [0x00000000d8380000,0x00000000dbf80000,0x00000000dbf80000)
  from space 5120K, 99% used [0x00000000dbf80000,0x00000000dc47c010,0x00000000dc480000)
  to   space 5120K, 0% used [0x00000000dc480000,0x00000000dc480000,0x00000000dc980000)
 ParOldGen       total 81920K, used 4617K [0x0000000088a00000, 0x000000008da00000, 0x00000000d8380000)
  object space 81920K, 5% used [0x0000000088a00000,0x0000000088e825f8,0x000000008da00000)
 Metaspace       used 12907K, capacity 13184K, committed 13440K, reserved 1060864K
  class space    used 1542K, capacity 1618K, committed 1664K, reserved 1048576K
Event: 12.469 GC heap after
Heap after GC invocations=4 (full 0):
 PSYoungGen      total 66560K, used 5088K [0x00000000d8380000, 0x00000000dc980000, 0x0000000100000000)
  eden space 61440K, 0% used [0x00000000d8380000,0x00000000d8380000,0x00000000dbf80000)
  from space 5120K, 99% used [0x00000000dc480000,0x00000000dc978020,0x00000000dc980000)
  to   space 5120K, 0% used [0x00000000dbf80000,0x00000000dbf80000,0x00000000dc480000)
 ParOldGen       total 81920K, used 8235K [0x0000000088a00000, 0x000000008da00000, 0x00000000d8380000)
  object space 81920K, 10% used [0x0000000088a00000,0x000000008920aca8,0x000000008da00000)
 Metaspace       used 12907K, capacity 13184K, committed 13440K, reserved 1060864K
  class space    used 1542K, capacity 1618K, committed 1664K, reserved 1048576K
}
Event: 13.642 GC heap before
{Heap before GC invocations=5 (full 0):
 PSYoungGen      total 66560K, used 66528K [0x00000000d8380000, 0x00000000dc980000, 0x0000000100000000)
  eden space 61440K, 100% used [0x00000000d8380000,0x00000000dbf80000,0x00000000dbf80000)
  from space 5120K, 99% used [0x00000000dc480000,0x00000000dc978020,0x00000000dc980000)
  to   space 5120K, 0% used [0x00000000dbf80000,0x00000000dbf80000,0x00000000dc480000)
 ParOldGen       total 81920K, used 8235K [0x0000000088a00000, 0x000000008da00000, 0x00000000d8380000)
  object space 81920K, 10% used [0x0000000088a00000,0x000000008920aca8,0x000000008da00000)
 Metaspace       used 13139K, capacity 13394K, committed 13440K, reserved 1060864K
  class space    used 1543K, capacity 1621K, committed 1664K, reserved 1048576K
Event: 13.664 GC heap after
Heap after GC invocations=5 (full 0):
 PSYoungGen      total 66560K, used 5120K [0x00000000d8380000, 0x00000000dc980000, 0x0000000100000000)
  eden space 61440K, 0% used [0x00000000d8380000,0x00000000d8380000,0x00000000dbf80000)
  from space 5120K, 100% used [0x00000000dbf80000,0x00000000dc480000,0x00000000dc480000)
  to   space 5120K, 0% used [0x00000000dc480000,0x00000000dc480000,0x00000000dc980000)
 ParOldGen       total 81920K, used 11299K [0x0000000088a00000, 0x000000008da00000, 0x00000000d8380000)
  object space 81920K, 13% used [0x0000000088a00000,0x0000000089508d60,0x000000008da00000)
 Metaspace       used 13139K, capacity 13394K, committed 13440K, reserved 1060864K
  class space    used 1543K, capacity 1621K, committed 1664K, reserved 1048576K
}
Event: 25.144 GC heap before
{Heap before GC invocations=6 (full 0):
 PSYoungGen      total 66560K, used 66560K [0x00000000d8380000, 0x00000000dc980000, 0x0000000100000000)
  eden space 61440K, 100% used [0x00000000d8380000,0x00000000dbf80000,0x00000000dbf80000)
  from space 5120K, 100% used [0x00000000dbf80000,0x00000000dc480000,0x00000000dc480000)
  to   space 5120K, 0% used [0x00000000dc480000,0x00000000dc480000,0x00000000dc980000)
 ParOldGen       total 81920K, used 11299K [0x0000000088a00000, 0x000000008da00000, 0x00000000d8380000)
  object space 81920K, 13% used [0x0000000088a00000,0x0000000089508d60,0x000000008da00000)
 Metaspace       used 14592K, capacity 14990K, committed 15232K, reserved 1062912K
  class space    used 1695K, capacity 1831K, committed 1920K, reserved 1048576K
Event: 25.195 GC heap after
Heap after GC invocations=6 (full 0):
 PSYoungGen      total 66560K, used 5104K [0x00000000d8380000, 0x00000000dc980000, 0x0000000100000000)
  eden space 61440K, 0% used [0x00000000d8380000,0x00000000d8380000,0x00000000dbf80000)
  from space 5120K, 99% used [0x00000000dc480000,0x00000000dc97c030,0x00000000dc980000)
  to   space 5120K, 0% used [0x00000000dbf80000,0x00000000dbf80000,0x00000000dc480000)
 ParOldGen       total 81920K, used 15470K [0x0000000088a00000, 0x000000008da00000, 0x00000000d8380000)
  object space 81920K, 18% used [0x0000000088a00000,0x000000008991b940,0x000000008da00000)
 Metaspace       used 14592K, capacity 14990K, committed 15232K, reserved 1062912K
  class space    used 1695K, capacity 1831K, committed 1920K, reserved 1048576K
}

